{"/Users/kyrylorybalko/futureproof/LAP2PROJECT/lap2-project-backend/api.js": {"path":"/Users/kyrylorybalko/futureproof/LAP2PROJECT/lap2-project-backend/api.js","statementMap":{"0":{"start":{"line":1,"column":16},"end":{"line":1,"column":34}},"1":{"start":{"line":2,"column":13},"end":{"line":2,"column":28}},"2":{"start":{"line":4,"column":18},"end":{"line":4,"column":48}},"3":{"start":{"line":5,"column":19},"end":{"line":5,"column":45}},"4":{"start":{"line":6,"column":21},"end":{"line":6,"column":48}},"5":{"start":{"line":8,"column":12},"end":{"line":8,"column":21}},"6":{"start":{"line":10,"column":0},"end":{"line":10,"column":16}},"7":{"start":{"line":11,"column":0},"end":{"line":11,"column":24}},"8":{"start":{"line":12,"column":0},"end":{"line":12,"column":19}},"9":{"start":{"line":14,"column":0},"end":{"line":18,"column":2}},"10":{"start":{"line":15,"column":4},"end":{"line":17,"column":6}},"11":{"start":{"line":20,"column":0},"end":{"line":20,"column":30}},"12":{"start":{"line":21,"column":0},"end":{"line":21,"column":33}},"13":{"start":{"line":23,"column":0},"end":{"line":23,"column":21}}},"fnMap":{"0":{"name":"(anonymous_0)","decl":{"start":{"line":14,"column":13},"end":{"line":14,"column":14}},"loc":{"start":{"line":14,"column":27},"end":{"line":18,"column":1}},"line":14}},"branchMap":{},"s":{"0":1,"1":1,"2":1,"3":1,"4":1,"5":1,"6":1,"7":1,"8":1,"9":1,"10":3,"11":1,"12":1,"13":1},"f":{"0":3},"b":{},"_coverageSchema":"1a1c01bbd47fc00a2c39e90264f33305004495a9","hash":"ee4306630bcfacf3e78026187d794e79b90f234c"}
,"/Users/kyrylorybalko/futureproof/LAP2PROJECT/lap2-project-backend/controllers/events.js": {"path":"/Users/kyrylorybalko/futureproof/LAP2PROJECT/lap2-project-backend/controllers/events.js","statementMap":{"0":{"start":{"line":1,"column":14},"end":{"line":1,"column":41}},"1":{"start":{"line":2,"column":14},"end":{"line":2,"column":40}},"2":{"start":{"line":3,"column":13},"end":{"line":3,"column":39}},"3":{"start":{"line":5,"column":19},"end":{"line":5,"column":44}},"4":{"start":{"line":8,"column":4},"end":{"line":21,"column":5}},"5":{"start":{"line":9,"column":23},"end":{"line":9,"column":43}},"6":{"start":{"line":10,"column":29},"end":{"line":10,"column":31}},"7":{"start":{"line":11,"column":8},"end":{"line":16,"column":9}},"8":{"start":{"line":12,"column":27},"end":{"line":12,"column":40}},"9":{"start":{"line":13,"column":28},"end":{"line":13,"column":57}},"10":{"start":{"line":14,"column":12},"end":{"line":14,"column":46}},"11":{"start":{"line":15,"column":12},"end":{"line":15,"column":39}},"12":{"start":{"line":18,"column":8},"end":{"line":18,"column":45}},"13":{"start":{"line":20,"column":8},"end":{"line":20,"column":55}},"14":{"start":{"line":25,"column":4},"end":{"line":33,"column":5}},"15":{"start":{"line":26,"column":19},"end":{"line":26,"column":42}},"16":{"start":{"line":27,"column":22},"end":{"line":27,"column":48}},"17":{"start":{"line":28,"column":24},"end":{"line":28,"column":60}},"18":{"start":{"line":29,"column":8},"end":{"line":29,"column":42}},"19":{"start":{"line":30,"column":8},"end":{"line":30,"column":36}},"20":{"start":{"line":32,"column":8},"end":{"line":32,"column":55}},"21":{"start":{"line":37,"column":4},"end":{"line":43,"column":5}},"22":{"start":{"line":38,"column":23},"end":{"line":38,"column":40}},"23":{"start":{"line":39,"column":23},"end":{"line":39,"column":49}},"24":{"start":{"line":40,"column":8},"end":{"line":40,"column":37}},"25":{"start":{"line":42,"column":8},"end":{"line":42,"column":55}},"26":{"start":{"line":47,"column":4},"end":{"line":63,"column":5}},"27":{"start":{"line":48,"column":21},"end":{"line":48,"column":29}},"28":{"start":{"line":49,"column":21},"end":{"line":49,"column":29}},"29":{"start":{"line":50,"column":25},"end":{"line":50,"column":47}},"30":{"start":{"line":51,"column":8},"end":{"line":53,"column":9}},"31":{"start":{"line":52,"column":12},"end":{"line":52,"column":49}},"32":{"start":{"line":54,"column":22},"end":{"line":54,"column":32}},"33":{"start":{"line":55,"column":26},"end":{"line":55,"column":58}},"34":{"start":{"line":56,"column":8},"end":{"line":56,"column":41}},"35":{"start":{"line":57,"column":25},"end":{"line":57,"column":49}},"36":{"start":{"line":58,"column":21},"end":{"line":58,"column":56}},"37":{"start":{"line":59,"column":8},"end":{"line":59,"column":42}},"38":{"start":{"line":60,"column":8},"end":{"line":60,"column":39}},"39":{"start":{"line":62,"column":8},"end":{"line":62,"column":53}},"40":{"start":{"line":67,"column":4},"end":{"line":74,"column":5}},"41":{"start":{"line":68,"column":19},"end":{"line":68,"column":42}},"42":{"start":{"line":69,"column":23},"end":{"line":69,"column":49}},"43":{"start":{"line":70,"column":23},"end":{"line":70,"column":48}},"44":{"start":{"line":71,"column":8},"end":{"line":71,"column":37}},"45":{"start":{"line":73,"column":8},"end":{"line":73,"column":53}},"46":{"start":{"line":78,"column":4},"end":{"line":85,"column":5}},"47":{"start":{"line":79,"column":19},"end":{"line":79,"column":42}},"48":{"start":{"line":80,"column":23},"end":{"line":80,"column":49}},"49":{"start":{"line":81,"column":23},"end":{"line":81,"column":52}},"50":{"start":{"line":82,"column":8},"end":{"line":82,"column":37}},"51":{"start":{"line":84,"column":8},"end":{"line":84,"column":53}},"52":{"start":{"line":89,"column":4},"end":{"line":96,"column":5}},"53":{"start":{"line":90,"column":19},"end":{"line":90,"column":42}},"54":{"start":{"line":91,"column":23},"end":{"line":91,"column":49}},"55":{"start":{"line":92,"column":23},"end":{"line":92,"column":44}},"56":{"start":{"line":93,"column":8},"end":{"line":93,"column":37}},"57":{"start":{"line":95,"column":8},"end":{"line":95,"column":53}},"58":{"start":{"line":100,"column":4},"end":{"line":107,"column":5}},"59":{"start":{"line":101,"column":19},"end":{"line":101,"column":42}},"60":{"start":{"line":102,"column":23},"end":{"line":102,"column":49}},"61":{"start":{"line":103,"column":23},"end":{"line":103,"column":51}},"62":{"start":{"line":104,"column":8},"end":{"line":104,"column":37}},"63":{"start":{"line":106,"column":8},"end":{"line":106,"column":53}},"64":{"start":{"line":111,"column":4},"end":{"line":118,"column":5}},"65":{"start":{"line":112,"column":19},"end":{"line":112,"column":42}},"66":{"start":{"line":113,"column":23},"end":{"line":113,"column":49}},"67":{"start":{"line":114,"column":23},"end":{"line":114,"column":45}},"68":{"start":{"line":115,"column":8},"end":{"line":115,"column":37}},"69":{"start":{"line":117,"column":8},"end":{"line":117,"column":53}},"70":{"start":{"line":121,"column":0},"end":{"line":131,"column":2}}},"fnMap":{"0":{"name":"index","decl":{"start":{"line":7,"column":15},"end":{"line":7,"column":20}},"loc":{"start":{"line":7,"column":31},"end":{"line":22,"column":1}},"line":7},"1":{"name":"show","decl":{"start":{"line":24,"column":15},"end":{"line":24,"column":19}},"loc":{"start":{"line":24,"column":30},"end":{"line":34,"column":1}},"line":24},"2":{"name":"search","decl":{"start":{"line":36,"column":15},"end":{"line":36,"column":21}},"loc":{"start":{"line":36,"column":32},"end":{"line":44,"column":1}},"line":36},"3":{"name":"create","decl":{"start":{"line":46,"column":15},"end":{"line":46,"column":21}},"loc":{"start":{"line":46,"column":32},"end":{"line":64,"column":1}},"line":46},"4":{"name":"interested","decl":{"start":{"line":66,"column":15},"end":{"line":66,"column":25}},"loc":{"start":{"line":66,"column":36},"end":{"line":75,"column":1}},"line":66},"5":{"name":"not_interested","decl":{"start":{"line":77,"column":15},"end":{"line":77,"column":29}},"loc":{"start":{"line":77,"column":40},"end":{"line":86,"column":1}},"line":77},"6":{"name":"attend","decl":{"start":{"line":88,"column":15},"end":{"line":88,"column":21}},"loc":{"start":{"line":88,"column":32},"end":{"line":97,"column":1}},"line":88},"7":{"name":"not_attending","decl":{"start":{"line":99,"column":15},"end":{"line":99,"column":28}},"loc":{"start":{"line":99,"column":39},"end":{"line":108,"column":1}},"line":99},"8":{"name":"destroy","decl":{"start":{"line":110,"column":15},"end":{"line":110,"column":22}},"loc":{"start":{"line":110,"column":33},"end":{"line":119,"column":1}},"line":110}},"branchMap":{"0":{"loc":{"start":{"line":51,"column":8},"end":{"line":53,"column":9}},"type":"if","locations":[{"start":{"line":51,"column":8},"end":{"line":53,"column":9}},{"start":{},"end":{}}],"line":51}},"s":{"0":1,"1":1,"2":1,"3":1,"4":0,"5":0,"6":0,"7":0,"8":0,"9":0,"10":0,"11":0,"12":0,"13":0,"14":1,"15":1,"16":1,"17":1,"18":1,"19":1,"20":0,"21":1,"22":1,"23":1,"24":1,"25":0,"26":0,"27":0,"28":0,"29":0,"30":0,"31":0,"32":0,"33":0,"34":0,"35":0,"36":0,"37":0,"38":0,"39":0,"40":1,"41":1,"42":1,"43":1,"44":1,"45":0,"46":1,"47":1,"48":1,"49":1,"50":1,"51":0,"52":1,"53":1,"54":1,"55":1,"56":1,"57":0,"58":1,"59":1,"60":1,"61":1,"62":1,"63":0,"64":0,"65":0,"66":0,"67":0,"68":0,"69":0,"70":1},"f":{"0":0,"1":1,"2":1,"3":0,"4":1,"5":1,"6":1,"7":1,"8":0},"b":{"0":[0,0]},"_coverageSchema":"1a1c01bbd47fc00a2c39e90264f33305004495a9","hash":"8a73d0f8503bb0eacf547ccda74158446ec40588"}
,"/Users/kyrylorybalko/futureproof/LAP2PROJECT/lap2-project-backend/controllers/fileUploader.js": {"path":"/Users/kyrylorybalko/futureproof/LAP2PROJECT/lap2-project-backend/controllers/fileUploader.js","statementMap":{"0":{"start":{"line":1,"column":19},"end":{"line":1,"column":43}},"1":{"start":{"line":4,"column":0},"end":{"line":8,"column":3}},"2":{"start":{"line":13,"column":4},"end":{"line":15,"column":5}},"3":{"start":{"line":14,"column":8},"end":{"line":14,"column":64}},"4":{"start":{"line":17,"column":21},"end":{"line":26,"column":5}},"5":{"start":{"line":20,"column":12},"end":{"line":24,"column":13}},"6":{"start":{"line":21,"column":16},"end":{"line":21,"column":35}},"7":{"start":{"line":23,"column":16},"end":{"line":23,"column":57}},"8":{"start":{"line":27,"column":4},"end":{"line":27,"column":20}},"9":{"start":{"line":30,"column":0},"end":{"line":30,"column":28}}},"fnMap":{"0":{"name":"uploadFile","decl":{"start":{"line":12,"column":15},"end":{"line":12,"column":25}},"loc":{"start":{"line":12,"column":32},"end":{"line":28,"column":1}},"line":12},"1":{"name":"(anonymous_1)","decl":{"start":{"line":19,"column":8},"end":{"line":19,"column":9}},"loc":{"start":{"line":19,"column":33},"end":{"line":25,"column":9}},"line":19}},"branchMap":{"0":{"loc":{"start":{"line":13,"column":4},"end":{"line":15,"column":5}},"type":"if","locations":[{"start":{"line":13,"column":4},"end":{"line":15,"column":5}},{"start":{},"end":{}}],"line":13},"1":{"loc":{"start":{"line":20,"column":12},"end":{"line":24,"column":13}},"type":"if","locations":[{"start":{"line":20,"column":12},"end":{"line":24,"column":13}},{"start":{"line":22,"column":19},"end":{"line":24,"column":13}}],"line":20}},"s":{"0":1,"1":1,"2":0,"3":0,"4":0,"5":0,"6":0,"7":0,"8":0,"9":1},"f":{"0":0,"1":0},"b":{"0":[0,0],"1":[0,0]},"_coverageSchema":"1a1c01bbd47fc00a2c39e90264f33305004495a9","hash":"1ce4ad587937b7d16dcfd47aee08b42c31101a30"}
,"/Users/kyrylorybalko/futureproof/LAP2PROJECT/lap2-project-backend/controllers/user.js": {"path":"/Users/kyrylorybalko/futureproof/LAP2PROJECT/lap2-project-backend/controllers/user.js","statementMap":{"0":{"start":{"line":1,"column":15},"end":{"line":1,"column":32}},"1":{"start":{"line":3,"column":13},"end":{"line":3,"column":39}},"2":{"start":{"line":4,"column":14},"end":{"line":4,"column":40}},"3":{"start":{"line":5,"column":14},"end":{"line":5,"column":41}},"4":{"start":{"line":8,"column":4},"end":{"line":16,"column":5}},"5":{"start":{"line":9,"column":21},"end":{"line":9,"column":29}},"6":{"start":{"line":10,"column":21},"end":{"line":10,"column":45}},"7":{"start":{"line":11,"column":31},"end":{"line":11,"column":69}},"8":{"start":{"line":12,"column":23},"end":{"line":12,"column":79}},"9":{"start":{"line":13,"column":8},"end":{"line":13,"column":37}},"10":{"start":{"line":15,"column":8},"end":{"line":15,"column":55}},"11":{"start":{"line":20,"column":4},"end":{"line":35,"column":5}},"12":{"start":{"line":21,"column":21},"end":{"line":21,"column":29}},"13":{"start":{"line":22,"column":21},"end":{"line":22,"column":63}},"14":{"start":{"line":23,"column":30},"end":{"line":26,"column":9}},"15":{"start":{"line":27,"column":8},"end":{"line":32,"column":9}},"16":{"start":{"line":28,"column":12},"end":{"line":28,"column":53}},"17":{"start":{"line":30,"column":26},"end":{"line":30,"column":56}},"18":{"start":{"line":31,"column":12},"end":{"line":31,"column":78}},"19":{"start":{"line":34,"column":8},"end":{"line":34,"column":55}},"20":{"start":{"line":39,"column":4},"end":{"line":58,"column":5}},"21":{"start":{"line":40,"column":26},"end":{"line":40,"column":54}},"22":{"start":{"line":42,"column":8},"end":{"line":44,"column":9}},"23":{"start":{"line":43,"column":12},"end":{"line":43,"column":78}},"24":{"start":{"line":46,"column":27},"end":{"line":46,"column":63}},"25":{"start":{"line":48,"column":8},"end":{"line":50,"column":9}},"26":{"start":{"line":49,"column":12},"end":{"line":49,"column":35}},"27":{"start":{"line":52,"column":21},"end":{"line":52,"column":62}},"28":{"start":{"line":53,"column":8},"end":{"line":53,"column":46}},"29":{"start":{"line":55,"column":8},"end":{"line":57,"column":11}},"30":{"start":{"line":62,"column":22},"end":{"line":62,"column":50}},"31":{"start":{"line":64,"column":4},"end":{"line":66,"column":5}},"32":{"start":{"line":65,"column":8},"end":{"line":65,"column":74}},"33":{"start":{"line":68,"column":23},"end":{"line":68,"column":59}},"34":{"start":{"line":70,"column":4},"end":{"line":72,"column":5}},"35":{"start":{"line":71,"column":8},"end":{"line":71,"column":31}},"36":{"start":{"line":74,"column":17},"end":{"line":74,"column":58}},"37":{"start":{"line":75,"column":4},"end":{"line":77,"column":5}},"38":{"start":{"line":76,"column":8},"end":{"line":76,"column":31}},"39":{"start":{"line":79,"column":23},"end":{"line":79,"column":54}},"40":{"start":{"line":80,"column":4},"end":{"line":80,"column":37}},"41":{"start":{"line":83,"column":0},"end":{"line":88,"column":2}}},"fnMap":{"0":{"name":"register","decl":{"start":{"line":7,"column":15},"end":{"line":7,"column":23}},"loc":{"start":{"line":7,"column":34},"end":{"line":17,"column":1}},"line":7},"1":{"name":"login","decl":{"start":{"line":19,"column":15},"end":{"line":19,"column":20}},"loc":{"start":{"line":19,"column":31},"end":{"line":36,"column":1}},"line":19},"2":{"name":"authorize","decl":{"start":{"line":38,"column":15},"end":{"line":38,"column":24}},"loc":{"start":{"line":38,"column":35},"end":{"line":59,"column":1}},"line":38},"3":{"name":"events","decl":{"start":{"line":61,"column":15},"end":{"line":61,"column":21}},"loc":{"start":{"line":61,"column":32},"end":{"line":81,"column":1}},"line":61}},"branchMap":{"0":{"loc":{"start":{"line":27,"column":8},"end":{"line":32,"column":9}},"type":"if","locations":[{"start":{"line":27,"column":8},"end":{"line":32,"column":9}},{"start":{"line":29,"column":15},"end":{"line":32,"column":9}}],"line":27},"1":{"loc":{"start":{"line":42,"column":8},"end":{"line":44,"column":9}},"type":"if","locations":[{"start":{"line":42,"column":8},"end":{"line":44,"column":9}},{"start":{},"end":{}}],"line":42},"2":{"loc":{"start":{"line":48,"column":8},"end":{"line":50,"column":9}},"type":"if","locations":[{"start":{"line":48,"column":8},"end":{"line":50,"column":9}},{"start":{},"end":{}}],"line":48},"3":{"loc":{"start":{"line":64,"column":4},"end":{"line":66,"column":5}},"type":"if","locations":[{"start":{"line":64,"column":4},"end":{"line":66,"column":5}},{"start":{},"end":{}}],"line":64},"4":{"loc":{"start":{"line":70,"column":4},"end":{"line":72,"column":5}},"type":"if","locations":[{"start":{"line":70,"column":4},"end":{"line":72,"column":5}},{"start":{},"end":{}}],"line":70},"5":{"loc":{"start":{"line":75,"column":4},"end":{"line":77,"column":5}},"type":"if","locations":[{"start":{"line":75,"column":4},"end":{"line":77,"column":5}},{"start":{},"end":{}}],"line":75}},"s":{"0":1,"1":1,"2":1,"3":1,"4":0,"5":0,"6":0,"7":0,"8":0,"9":0,"10":0,"11":0,"12":0,"13":0,"14":0,"15":0,"16":0,"17":0,"18":0,"19":0,"20":0,"21":0,"22":0,"23":0,"24":0,"25":0,"26":0,"27":0,"28":0,"29":0,"30":0,"31":0,"32":0,"33":0,"34":0,"35":0,"36":0,"37":0,"38":0,"39":0,"40":0,"41":1},"f":{"0":0,"1":0,"2":0,"3":0},"b":{"0":[0,0],"1":[0,0],"2":[0,0],"3":[0,0],"4":[0,0],"5":[0,0]},"_coverageSchema":"1a1c01bbd47fc00a2c39e90264f33305004495a9","hash":"cb12a25f005611f471b5fb8212be23f604e08d07"}
,"/Users/kyrylorybalko/futureproof/LAP2PROJECT/lap2-project-backend/database/connect.js": {"path":"/Users/kyrylorybalko/futureproof/LAP2PROJECT/lap2-project-backend/database/connect.js","statementMap":{"0":{"start":{"line":1,"column":17},"end":{"line":1,"column":30}},"1":{"start":{"line":2,"column":0},"end":{"line":2,"column":27}},"2":{"start":{"line":4,"column":11},"end":{"line":6,"column":2}},"3":{"start":{"line":8,"column":0},"end":{"line":8,"column":41}},"4":{"start":{"line":10,"column":0},"end":{"line":10,"column":20}}},"fnMap":{},"branchMap":{},"s":{"0":1,"1":1,"2":1,"3":1,"4":1},"f":{},"b":{},"_coverageSchema":"1a1c01bbd47fc00a2c39e90264f33305004495a9","hash":"9720752e11ac83058e698458871ef7228bc313ba"}
,"/Users/kyrylorybalko/futureproof/LAP2PROJECT/lap2-project-backend/middleware/authenticator.js": {"path":"/Users/kyrylorybalko/futureproof/LAP2PROJECT/lap2-project-backend/middleware/authenticator.js","statementMap":{"0":{"start":{"line":1,"column":14},"end":{"line":1,"column":40}},"1":{"start":{"line":4,"column":4},"end":{"line":16,"column":5}},"2":{"start":{"line":5,"column":26},"end":{"line":5,"column":54}},"3":{"start":{"line":7,"column":8},"end":{"line":12,"column":9}},"4":{"start":{"line":8,"column":12},"end":{"line":8,"column":54}},"5":{"start":{"line":10,"column":31},"end":{"line":10,"column":67}},"6":{"start":{"line":11,"column":12},"end":{"line":11,"column":19}},"7":{"start":{"line":15,"column":8},"end":{"line":15,"column":56}},"8":{"start":{"line":19,"column":0},"end":{"line":19,"column":31}}},"fnMap":{"0":{"name":"authenticator","decl":{"start":{"line":3,"column":15},"end":{"line":3,"column":28}},"loc":{"start":{"line":3,"column":44},"end":{"line":17,"column":1}},"line":3}},"branchMap":{"0":{"loc":{"start":{"line":7,"column":8},"end":{"line":12,"column":9}},"type":"if","locations":[{"start":{"line":7,"column":8},"end":{"line":12,"column":9}},{"start":{"line":9,"column":13},"end":{"line":12,"column":9}}],"line":7}},"s":{"0":1,"1":1,"2":1,"3":1,"4":0,"5":1,"6":0,"7":1,"8":1},"f":{"0":1},"b":{"0":[0,1]},"_coverageSchema":"1a1c01bbd47fc00a2c39e90264f33305004495a9","hash":"4f9479474cf5b02e3d1688aed3e9d78ec211c304"}
,"/Users/kyrylorybalko/futureproof/LAP2PROJECT/lap2-project-backend/middleware/logger.js": {"path":"/Users/kyrylorybalko/futureproof/LAP2PROJECT/lap2-project-backend/middleware/logger.js","statementMap":{"0":{"start":{"line":2,"column":4},"end":{"line":2,"column":45}},"1":{"start":{"line":3,"column":4},"end":{"line":3,"column":11}},"2":{"start":{"line":6,"column":0},"end":{"line":6,"column":27}}},"fnMap":{"0":{"name":"logRoutes","decl":{"start":{"line":1,"column":9},"end":{"line":1,"column":18}},"loc":{"start":{"line":1,"column":35},"end":{"line":4,"column":1}},"line":1}},"branchMap":{},"s":{"0":10,"1":10,"2":1},"f":{"0":10},"b":{},"_coverageSchema":"1a1c01bbd47fc00a2c39e90264f33305004495a9","hash":"1b2ae91d42dde84a09e8e94e90a2f01f6e37f719"}
,"/Users/kyrylorybalko/futureproof/LAP2PROJECT/lap2-project-backend/middleware/multer.js": {"path":"/Users/kyrylorybalko/futureproof/LAP2PROJECT/lap2-project-backend/middleware/multer.js","statementMap":{"0":{"start":{"line":1,"column":15},"end":{"line":1,"column":32}},"1":{"start":{"line":2,"column":15},"end":{"line":2,"column":43}},"2":{"start":{"line":4,"column":0},"end":{"line":4,"column":24}}},"fnMap":{},"branchMap":{},"s":{"0":1,"1":1,"2":1},"f":{},"b":{},"_coverageSchema":"1a1c01bbd47fc00a2c39e90264f33305004495a9","hash":"7d9ab935b3f2428c9cc7df02acb55c4fc4149b0b"}
,"/Users/kyrylorybalko/futureproof/LAP2PROJECT/lap2-project-backend/models/events.js": {"path":"/Users/kyrylorybalko/futureproof/LAP2PROJECT/lap2-project-backend/models/events.js","statementMap":{"0":{"start":{"line":1,"column":11},"end":{"line":1,"column":41}},"1":{"start":{"line":17,"column":8},"end":{"line":25,"column":39}},"2":{"start":{"line":26,"column":8},"end":{"line":26,"column":33}},"3":{"start":{"line":27,"column":8},"end":{"line":27,"column":35}},"4":{"start":{"line":31,"column":25},"end":{"line":33,"column":9}},"5":{"start":{"line":34,"column":8},"end":{"line":34,"column":54}},"6":{"start":{"line":34,"column":40},"end":{"line":34,"column":52}},"7":{"start":{"line":38,"column":25},"end":{"line":41,"column":9}},"8":{"start":{"line":42,"column":8},"end":{"line":42,"column":54}},"9":{"start":{"line":42,"column":40},"end":{"line":42,"column":52}},"10":{"start":{"line":46,"column":25},"end":{"line":49,"column":9}},"11":{"start":{"line":50,"column":8},"end":{"line":52,"column":9}},"12":{"start":{"line":51,"column":12},"end":{"line":51,"column":55}},"13":{"start":{"line":53,"column":8},"end":{"line":53,"column":43}},"14":{"start":{"line":57,"column":25},"end":{"line":57,"column":159}},"15":{"start":{"line":58,"column":8},"end":{"line":58,"column":52}},"16":{"start":{"line":58,"column":38},"end":{"line":58,"column":50}},"17":{"start":{"line":71,"column":12},"end":{"line":71,"column":16}},"18":{"start":{"line":72,"column":25},"end":{"line":84,"column":9}},"19":{"start":{"line":86,"column":8},"end":{"line":86,"column":43}},"20":{"start":{"line":90,"column":25},"end":{"line":93,"column":9}},"21":{"start":{"line":94,"column":8},"end":{"line":96,"column":9}},"22":{"start":{"line":95,"column":12},"end":{"line":95,"column":58}},"23":{"start":{"line":97,"column":8},"end":{"line":97,"column":43}},"24":{"start":{"line":101,"column":25},"end":{"line":104,"column":9}},"25":{"start":{"line":105,"column":8},"end":{"line":107,"column":9}},"26":{"start":{"line":106,"column":12},"end":{"line":106,"column":58}},"27":{"start":{"line":108,"column":8},"end":{"line":108,"column":43}},"28":{"start":{"line":112,"column":25},"end":{"line":115,"column":9}},"29":{"start":{"line":116,"column":8},"end":{"line":118,"column":9}},"30":{"start":{"line":117,"column":12},"end":{"line":117,"column":58}},"31":{"start":{"line":119,"column":8},"end":{"line":119,"column":43}},"32":{"start":{"line":123,"column":25},"end":{"line":126,"column":9}},"33":{"start":{"line":127,"column":8},"end":{"line":129,"column":9}},"34":{"start":{"line":128,"column":12},"end":{"line":128,"column":58}},"35":{"start":{"line":130,"column":8},"end":{"line":130,"column":43}},"36":{"start":{"line":134,"column":23},"end":{"line":137,"column":9}},"37":{"start":{"line":139,"column":8},"end":{"line":139,"column":43}},"38":{"start":{"line":143,"column":0},"end":{"line":143,"column":23}}},"fnMap":{"0":{"name":"(anonymous_0)","decl":{"start":{"line":4,"column":4},"end":{"line":4,"column":5}},"loc":{"start":{"line":16,"column":7},"end":{"line":28,"column":5}},"line":16},"1":{"name":"(anonymous_1)","decl":{"start":{"line":30,"column":4},"end":{"line":30,"column":5}},"loc":{"start":{"line":30,"column":26},"end":{"line":35,"column":5}},"line":30},"2":{"name":"(anonymous_2)","decl":{"start":{"line":34,"column":33},"end":{"line":34,"column":34}},"loc":{"start":{"line":34,"column":40},"end":{"line":34,"column":52}},"line":34},"3":{"name":"(anonymous_3)","decl":{"start":{"line":37,"column":4},"end":{"line":37,"column":5}},"loc":{"start":{"line":37,"column":37},"end":{"line":43,"column":5}},"line":37},"4":{"name":"(anonymous_4)","decl":{"start":{"line":42,"column":33},"end":{"line":42,"column":34}},"loc":{"start":{"line":42,"column":40},"end":{"line":42,"column":52}},"line":42},"5":{"name":"(anonymous_5)","decl":{"start":{"line":45,"column":4},"end":{"line":45,"column":5}},"loc":{"start":{"line":45,"column":32},"end":{"line":54,"column":5}},"line":45},"6":{"name":"(anonymous_6)","decl":{"start":{"line":56,"column":4},"end":{"line":56,"column":5}},"loc":{"start":{"line":56,"column":32},"end":{"line":59,"column":5}},"line":56},"7":{"name":"(anonymous_7)","decl":{"start":{"line":58,"column":33},"end":{"line":58,"column":34}},"loc":{"start":{"line":58,"column":38},"end":{"line":58,"column":50}},"line":58},"8":{"name":"(anonymous_8)","decl":{"start":{"line":61,"column":4},"end":{"line":61,"column":5}},"loc":{"start":{"line":61,"column":30},"end":{"line":87,"column":5}},"line":61},"9":{"name":"(anonymous_9)","decl":{"start":{"line":89,"column":4},"end":{"line":89,"column":5}},"loc":{"start":{"line":89,"column":23},"end":{"line":98,"column":5}},"line":89},"10":{"name":"(anonymous_10)","decl":{"start":{"line":100,"column":4},"end":{"line":100,"column":5}},"loc":{"start":{"line":100,"column":27},"end":{"line":109,"column":5}},"line":100},"11":{"name":"(anonymous_11)","decl":{"start":{"line":111,"column":4},"end":{"line":111,"column":5}},"loc":{"start":{"line":111,"column":19},"end":{"line":120,"column":5}},"line":111},"12":{"name":"(anonymous_12)","decl":{"start":{"line":122,"column":4},"end":{"line":122,"column":5}},"loc":{"start":{"line":122,"column":26},"end":{"line":131,"column":5}},"line":122},"13":{"name":"(anonymous_13)","decl":{"start":{"line":133,"column":4},"end":{"line":133,"column":5}},"loc":{"start":{"line":133,"column":20},"end":{"line":140,"column":5}},"line":133}},"branchMap":{"0":{"loc":{"start":{"line":50,"column":8},"end":{"line":52,"column":9}},"type":"if","locations":[{"start":{"line":50,"column":8},"end":{"line":52,"column":9}},{"start":{},"end":{}}],"line":50},"1":{"loc":{"start":{"line":94,"column":8},"end":{"line":96,"column":9}},"type":"if","locations":[{"start":{"line":94,"column":8},"end":{"line":96,"column":9}},{"start":{},"end":{}}],"line":94},"2":{"loc":{"start":{"line":105,"column":8},"end":{"line":107,"column":9}},"type":"if","locations":[{"start":{"line":105,"column":8},"end":{"line":107,"column":9}},{"start":{},"end":{}}],"line":105},"3":{"loc":{"start":{"line":116,"column":8},"end":{"line":118,"column":9}},"type":"if","locations":[{"start":{"line":116,"column":8},"end":{"line":118,"column":9}},{"start":{},"end":{}}],"line":116},"4":{"loc":{"start":{"line":127,"column":8},"end":{"line":129,"column":9}},"type":"if","locations":[{"start":{"line":127,"column":8},"end":{"line":129,"column":9}},{"start":{},"end":{}}],"line":127}},"s":{"0":1,"1":9,"2":9,"3":9,"4":0,"5":0,"6":0,"7":0,"8":0,"9":0,"10":5,"11":5,"12":0,"13":5,"14":1,"15":1,"16":0,"17":0,"18":0,"19":0,"20":1,"21":1,"22":0,"23":1,"24":1,"25":1,"26":0,"27":1,"28":1,"29":1,"30":0,"31":1,"32":1,"33":1,"34":0,"35":1,"36":0,"37":0,"38":1},"f":{"0":9,"1":0,"2":0,"3":0,"4":0,"5":5,"6":1,"7":0,"8":0,"9":1,"10":1,"11":1,"12":1,"13":0},"b":{"0":[0,5],"1":[0,1],"2":[0,1],"3":[0,1],"4":[0,1]},"_coverageSchema":"1a1c01bbd47fc00a2c39e90264f33305004495a9","hash":"9ea07261ea365e4b7abe0c6c6e6206b0a2c676f7"}
,"/Users/kyrylorybalko/futureproof/LAP2PROJECT/lap2-project-backend/models/token.js": {"path":"/Users/kyrylorybalko/futureproof/LAP2PROJECT/lap2-project-backend/models/token.js","statementMap":{"0":{"start":{"line":1,"column":23},"end":{"line":1,"column":38}},"1":{"start":{"line":3,"column":11},"end":{"line":3,"column":41}},"2":{"start":{"line":8,"column":8},"end":{"line":8,"column":33}},"3":{"start":{"line":9,"column":8},"end":{"line":9,"column":31}},"4":{"start":{"line":10,"column":8},"end":{"line":10,"column":27}},"5":{"start":{"line":14,"column":22},"end":{"line":14,"column":30}},"6":{"start":{"line":15,"column":25},"end":{"line":15,"column":130}},"7":{"start":{"line":16,"column":22},"end":{"line":16,"column":47}},"8":{"start":{"line":17,"column":25},"end":{"line":17,"column":54}},"9":{"start":{"line":18,"column":8},"end":{"line":18,"column":24}},"10":{"start":{"line":22,"column":25},"end":{"line":22,"column":88}},"11":{"start":{"line":23,"column":8},"end":{"line":27,"column":9}},"12":{"start":{"line":24,"column":12},"end":{"line":24,"column":55}},"13":{"start":{"line":26,"column":12},"end":{"line":26,"column":47}},"14":{"start":{"line":31,"column":25},"end":{"line":31,"column":88}},"15":{"start":{"line":32,"column":8},"end":{"line":36,"column":9}},"16":{"start":{"line":33,"column":12},"end":{"line":33,"column":55}},"17":{"start":{"line":35,"column":12},"end":{"line":35,"column":47}},"18":{"start":{"line":41,"column":0},"end":{"line":41,"column":23}}},"fnMap":{"0":{"name":"(anonymous_0)","decl":{"start":{"line":7,"column":4},"end":{"line":7,"column":5}},"loc":{"start":{"line":7,"column":45},"end":{"line":11,"column":5}},"line":7},"1":{"name":"(anonymous_1)","decl":{"start":{"line":13,"column":4},"end":{"line":13,"column":5}},"loc":{"start":{"line":13,"column":33},"end":{"line":19,"column":5}},"line":13},"2":{"name":"(anonymous_2)","decl":{"start":{"line":21,"column":4},"end":{"line":21,"column":5}},"loc":{"start":{"line":21,"column":32},"end":{"line":28,"column":5}},"line":21},"3":{"name":"(anonymous_3)","decl":{"start":{"line":30,"column":4},"end":{"line":30,"column":5}},"loc":{"start":{"line":30,"column":38},"end":{"line":37,"column":5}},"line":30}},"branchMap":{"0":{"loc":{"start":{"line":23,"column":8},"end":{"line":27,"column":9}},"type":"if","locations":[{"start":{"line":23,"column":8},"end":{"line":27,"column":9}},{"start":{"line":25,"column":15},"end":{"line":27,"column":9}}],"line":23},"1":{"loc":{"start":{"line":32,"column":8},"end":{"line":36,"column":9}},"type":"if","locations":[{"start":{"line":32,"column":8},"end":{"line":36,"column":9}},{"start":{"line":34,"column":15},"end":{"line":36,"column":9}}],"line":32}},"s":{"0":1,"1":1,"2":0,"3":0,"4":0,"5":0,"6":0,"7":0,"8":0,"9":0,"10":0,"11":0,"12":0,"13":0,"14":1,"15":1,"16":1,"17":0,"18":1},"f":{"0":0,"1":0,"2":0,"3":1},"b":{"0":[0,0],"1":[1,0]},"_coverageSchema":"1a1c01bbd47fc00a2c39e90264f33305004495a9","hash":"38f5528ce52847b6ed515f6c52aedeb896f547be"}
,"/Users/kyrylorybalko/futureproof/LAP2PROJECT/lap2-project-backend/models/users.js": {"path":"/Users/kyrylorybalko/futureproof/LAP2PROJECT/lap2-project-backend/models/users.js","statementMap":{"0":{"start":{"line":1,"column":11},"end":{"line":1,"column":41}},"1":{"start":{"line":5,"column":8},"end":{"line":5,"column":26}},"2":{"start":{"line":6,"column":8},"end":{"line":6,"column":33}},"3":{"start":{"line":7,"column":8},"end":{"line":7,"column":33}},"4":{"start":{"line":8,"column":8},"end":{"line":8,"column":32}},"5":{"start":{"line":12,"column":25},"end":{"line":12,"column":94}},"6":{"start":{"line":13,"column":8},"end":{"line":15,"column":9}},"7":{"start":{"line":14,"column":12},"end":{"line":14,"column":54}},"8":{"start":{"line":16,"column":8},"end":{"line":16,"column":42}},"9":{"start":{"line":20,"column":25},"end":{"line":20,"column":101}},"10":{"start":{"line":21,"column":8},"end":{"line":23,"column":9}},"11":{"start":{"line":22,"column":12},"end":{"line":22,"column":54}},"12":{"start":{"line":24,"column":8},"end":{"line":24,"column":42}},"13":{"start":{"line":28,"column":48},"end":{"line":28,"column":52}},"14":{"start":{"line":29,"column":23},"end":{"line":29,"column":143}},"15":{"start":{"line":30,"column":22},"end":{"line":30,"column":45}},"16":{"start":{"line":31,"column":24},"end":{"line":31,"column":52}},"17":{"start":{"line":32,"column":8},"end":{"line":32,"column":23}},"18":{"start":{"line":36,"column":0},"end":{"line":36,"column":22}}},"fnMap":{"0":{"name":"(anonymous_0)","decl":{"start":{"line":4,"column":4},"end":{"line":4,"column":5}},"loc":{"start":{"line":4,"column":59},"end":{"line":9,"column":5}},"line":4},"1":{"name":"(anonymous_1)","decl":{"start":{"line":11,"column":4},"end":{"line":11,"column":5}},"loc":{"start":{"line":11,"column":31},"end":{"line":17,"column":5}},"line":11},"2":{"name":"(anonymous_2)","decl":{"start":{"line":19,"column":4},"end":{"line":19,"column":5}},"loc":{"start":{"line":19,"column":44},"end":{"line":25,"column":5}},"line":19},"3":{"name":"(anonymous_3)","decl":{"start":{"line":27,"column":4},"end":{"line":27,"column":5}},"loc":{"start":{"line":27,"column":29},"end":{"line":33,"column":5}},"line":27}},"branchMap":{"0":{"loc":{"start":{"line":13,"column":8},"end":{"line":15,"column":9}},"type":"if","locations":[{"start":{"line":13,"column":8},"end":{"line":15,"column":9}},{"start":{},"end":{}}],"line":13},"1":{"loc":{"start":{"line":21,"column":8},"end":{"line":23,"column":9}},"type":"if","locations":[{"start":{"line":21,"column":8},"end":{"line":23,"column":9}},{"start":{},"end":{}}],"line":21}},"s":{"0":1,"1":1,"2":1,"3":1,"4":1,"5":1,"6":1,"7":0,"8":1,"9":0,"10":0,"11":0,"12":0,"13":0,"14":0,"15":0,"16":0,"17":0,"18":1},"f":{"0":1,"1":1,"2":0,"3":0},"b":{"0":[0,1],"1":[0,0]},"_coverageSchema":"1a1c01bbd47fc00a2c39e90264f33305004495a9","hash":"f9d6ccc973b440724bfdcffbe68e988f992c09da"}
,"/Users/kyrylorybalko/futureproof/LAP2PROJECT/lap2-project-backend/routers/events.js": {"path":"/Users/kyrylorybalko/futureproof/LAP2PROJECT/lap2-project-backend/routers/events.js","statementMap":{"0":{"start":{"line":1,"column":19},"end":{"line":1,"column":37}},"1":{"start":{"line":3,"column":25},"end":{"line":3,"column":57}},"2":{"start":{"line":4,"column":22},"end":{"line":4,"column":60}},"3":{"start":{"line":6,"column":15},"end":{"line":6,"column":46}},"4":{"start":{"line":8,"column":21},"end":{"line":8,"column":29}},"5":{"start":{"line":10,"column":0},"end":{"line":10,"column":61}},"6":{"start":{"line":11,"column":0},"end":{"line":11,"column":48}},"7":{"start":{"line":12,"column":0},"end":{"line":12,"column":61}},"8":{"start":{"line":13,"column":0},"end":{"line":13,"column":71}},"9":{"start":{"line":14,"column":0},"end":{"line":14,"column":67}},"10":{"start":{"line":15,"column":0},"end":{"line":15,"column":75}},"11":{"start":{"line":16,"column":0},"end":{"line":16,"column":59}},"12":{"start":{"line":17,"column":0},"end":{"line":17,"column":73}},"13":{"start":{"line":18,"column":0},"end":{"line":18,"column":54}},"14":{"start":{"line":20,"column":0},"end":{"line":20,"column":30}}},"fnMap":{},"branchMap":{},"s":{"0":1,"1":1,"2":1,"3":1,"4":1,"5":1,"6":1,"7":1,"8":1,"9":1,"10":1,"11":1,"12":1,"13":1,"14":1},"f":{},"b":{},"_coverageSchema":"1a1c01bbd47fc00a2c39e90264f33305004495a9","hash":"1ecba71a68c36a725766aa6c6976fe0026a48ffd"}
,"/Users/kyrylorybalko/futureproof/LAP2PROJECT/lap2-project-backend/routers/users.js": {"path":"/Users/kyrylorybalko/futureproof/LAP2PROJECT/lap2-project-backend/routers/users.js","statementMap":{"0":{"start":{"line":1,"column":19},"end":{"line":1,"column":37}},"1":{"start":{"line":3,"column":23},"end":{"line":3,"column":53}},"2":{"start":{"line":4,"column":22},"end":{"line":4,"column":60}},"3":{"start":{"line":6,"column":19},"end":{"line":6,"column":27}},"4":{"start":{"line":8,"column":0},"end":{"line":8,"column":70}},"5":{"start":{"line":9,"column":0},"end":{"line":9,"column":64}},"6":{"start":{"line":10,"column":0},"end":{"line":10,"column":54}},"7":{"start":{"line":11,"column":0},"end":{"line":11,"column":48}},"8":{"start":{"line":13,"column":0},"end":{"line":13,"column":28}}},"fnMap":{},"branchMap":{},"s":{"0":1,"1":1,"2":1,"3":1,"4":1,"5":1,"6":1,"7":1,"8":1},"f":{},"b":{},"_coverageSchema":"1a1c01bbd47fc00a2c39e90264f33305004495a9","hash":"9ad85f174ead1b0f0d4c14f2760dde08b45afe30"}
}
