{"/Users/kyrylorybalko/futureproof/LAP2PROJECT/lap2-project-backend/api.js": {"path":"/Users/kyrylorybalko/futureproof/LAP2PROJECT/lap2-project-backend/api.js","statementMap":{"0":{"start":{"line":1,"column":16},"end":{"line":1,"column":34}},"1":{"start":{"line":2,"column":13},"end":{"line":2,"column":28}},"2":{"start":{"line":4,"column":18},"end":{"line":4,"column":48}},"3":{"start":{"line":5,"column":19},"end":{"line":5,"column":45}},"4":{"start":{"line":6,"column":21},"end":{"line":6,"column":48}},"5":{"start":{"line":8,"column":12},"end":{"line":8,"column":21}},"6":{"start":{"line":10,"column":0},"end":{"line":10,"column":16}},"7":{"start":{"line":11,"column":0},"end":{"line":11,"column":24}},"8":{"start":{"line":12,"column":0},"end":{"line":12,"column":19}},"9":{"start":{"line":14,"column":0},"end":{"line":18,"column":2}},"10":{"start":{"line":15,"column":4},"end":{"line":17,"column":6}},"11":{"start":{"line":20,"column":0},"end":{"line":20,"column":30}},"12":{"start":{"line":21,"column":0},"end":{"line":21,"column":33}},"13":{"start":{"line":23,"column":0},"end":{"line":23,"column":21}}},"fnMap":{"0":{"name":"(anonymous_0)","decl":{"start":{"line":14,"column":13},"end":{"line":14,"column":14}},"loc":{"start":{"line":14,"column":27},"end":{"line":18,"column":1}},"line":14}},"branchMap":{},"s":{"0":1,"1":1,"2":1,"3":1,"4":1,"5":1,"6":1,"7":1,"8":1,"9":1,"10":3,"11":1,"12":1,"13":1},"f":{"0":3},"b":{},"_coverageSchema":"1a1c01bbd47fc00a2c39e90264f33305004495a9","hash":"ee4306630bcfacf3e78026187d794e79b90f234c"}
,"/Users/kyrylorybalko/futureproof/LAP2PROJECT/lap2-project-backend/controllers/events.js": {"path":"/Users/kyrylorybalko/futureproof/LAP2PROJECT/lap2-project-backend/controllers/events.js","statementMap":{"0":{"start":{"line":1,"column":14},"end":{"line":1,"column":41}},"1":{"start":{"line":2,"column":14},"end":{"line":2,"column":40}},"2":{"start":{"line":3,"column":13},"end":{"line":3,"column":39}},"3":{"start":{"line":6,"column":4},"end":{"line":19,"column":5}},"4":{"start":{"line":7,"column":23},"end":{"line":7,"column":43}},"5":{"start":{"line":8,"column":29},"end":{"line":8,"column":31}},"6":{"start":{"line":9,"column":8},"end":{"line":14,"column":9}},"7":{"start":{"line":10,"column":27},"end":{"line":10,"column":40}},"8":{"start":{"line":11,"column":28},"end":{"line":11,"column":57}},"9":{"start":{"line":12,"column":12},"end":{"line":12,"column":46}},"10":{"start":{"line":13,"column":12},"end":{"line":13,"column":39}},"11":{"start":{"line":16,"column":8},"end":{"line":16,"column":45}},"12":{"start":{"line":18,"column":8},"end":{"line":18,"column":55}},"13":{"start":{"line":23,"column":4},"end":{"line":31,"column":5}},"14":{"start":{"line":24,"column":19},"end":{"line":24,"column":42}},"15":{"start":{"line":25,"column":22},"end":{"line":25,"column":48}},"16":{"start":{"line":26,"column":24},"end":{"line":26,"column":60}},"17":{"start":{"line":27,"column":8},"end":{"line":27,"column":42}},"18":{"start":{"line":28,"column":8},"end":{"line":28,"column":36}},"19":{"start":{"line":30,"column":8},"end":{"line":30,"column":55}},"20":{"start":{"line":35,"column":4},"end":{"line":41,"column":5}},"21":{"start":{"line":36,"column":23},"end":{"line":36,"column":40}},"22":{"start":{"line":37,"column":23},"end":{"line":37,"column":49}},"23":{"start":{"line":38,"column":8},"end":{"line":38,"column":37}},"24":{"start":{"line":40,"column":8},"end":{"line":40,"column":55}},"25":{"start":{"line":45,"column":4},"end":{"line":56,"column":5}},"26":{"start":{"line":46,"column":21},"end":{"line":46,"column":29}},"27":{"start":{"line":47,"column":22},"end":{"line":47,"column":32}},"28":{"start":{"line":48,"column":26},"end":{"line":48,"column":58}},"29":{"start":{"line":49,"column":8},"end":{"line":49,"column":41}},"30":{"start":{"line":50,"column":25},"end":{"line":50,"column":49}},"31":{"start":{"line":51,"column":21},"end":{"line":51,"column":56}},"32":{"start":{"line":52,"column":8},"end":{"line":52,"column":42}},"33":{"start":{"line":53,"column":8},"end":{"line":53,"column":39}},"34":{"start":{"line":55,"column":8},"end":{"line":55,"column":53}},"35":{"start":{"line":60,"column":4},"end":{"line":67,"column":5}},"36":{"start":{"line":61,"column":19},"end":{"line":61,"column":42}},"37":{"start":{"line":62,"column":23},"end":{"line":62,"column":49}},"38":{"start":{"line":63,"column":23},"end":{"line":63,"column":48}},"39":{"start":{"line":64,"column":8},"end":{"line":64,"column":37}},"40":{"start":{"line":66,"column":8},"end":{"line":66,"column":53}},"41":{"start":{"line":71,"column":4},"end":{"line":78,"column":5}},"42":{"start":{"line":72,"column":19},"end":{"line":72,"column":42}},"43":{"start":{"line":73,"column":23},"end":{"line":73,"column":49}},"44":{"start":{"line":74,"column":23},"end":{"line":74,"column":52}},"45":{"start":{"line":75,"column":8},"end":{"line":75,"column":37}},"46":{"start":{"line":77,"column":8},"end":{"line":77,"column":53}},"47":{"start":{"line":82,"column":4},"end":{"line":89,"column":5}},"48":{"start":{"line":83,"column":19},"end":{"line":83,"column":42}},"49":{"start":{"line":84,"column":23},"end":{"line":84,"column":49}},"50":{"start":{"line":85,"column":23},"end":{"line":85,"column":44}},"51":{"start":{"line":86,"column":8},"end":{"line":86,"column":37}},"52":{"start":{"line":88,"column":8},"end":{"line":88,"column":53}},"53":{"start":{"line":93,"column":4},"end":{"line":100,"column":5}},"54":{"start":{"line":94,"column":19},"end":{"line":94,"column":42}},"55":{"start":{"line":95,"column":23},"end":{"line":95,"column":49}},"56":{"start":{"line":96,"column":23},"end":{"line":96,"column":51}},"57":{"start":{"line":97,"column":8},"end":{"line":97,"column":37}},"58":{"start":{"line":99,"column":8},"end":{"line":99,"column":53}},"59":{"start":{"line":104,"column":4},"end":{"line":111,"column":5}},"60":{"start":{"line":105,"column":19},"end":{"line":105,"column":42}},"61":{"start":{"line":106,"column":23},"end":{"line":106,"column":49}},"62":{"start":{"line":107,"column":23},"end":{"line":107,"column":45}},"63":{"start":{"line":108,"column":8},"end":{"line":108,"column":37}},"64":{"start":{"line":110,"column":8},"end":{"line":110,"column":53}},"65":{"start":{"line":114,"column":0},"end":{"line":124,"column":2}}},"fnMap":{"0":{"name":"index","decl":{"start":{"line":5,"column":15},"end":{"line":5,"column":20}},"loc":{"start":{"line":5,"column":31},"end":{"line":20,"column":1}},"line":5},"1":{"name":"show","decl":{"start":{"line":22,"column":15},"end":{"line":22,"column":19}},"loc":{"start":{"line":22,"column":30},"end":{"line":32,"column":1}},"line":22},"2":{"name":"search","decl":{"start":{"line":34,"column":15},"end":{"line":34,"column":21}},"loc":{"start":{"line":34,"column":32},"end":{"line":42,"column":1}},"line":34},"3":{"name":"create","decl":{"start":{"line":44,"column":15},"end":{"line":44,"column":21}},"loc":{"start":{"line":44,"column":32},"end":{"line":57,"column":1}},"line":44},"4":{"name":"interested","decl":{"start":{"line":59,"column":15},"end":{"line":59,"column":25}},"loc":{"start":{"line":59,"column":36},"end":{"line":68,"column":1}},"line":59},"5":{"name":"not_interested","decl":{"start":{"line":70,"column":15},"end":{"line":70,"column":29}},"loc":{"start":{"line":70,"column":40},"end":{"line":79,"column":1}},"line":70},"6":{"name":"attend","decl":{"start":{"line":81,"column":15},"end":{"line":81,"column":21}},"loc":{"start":{"line":81,"column":32},"end":{"line":90,"column":1}},"line":81},"7":{"name":"not_attending","decl":{"start":{"line":92,"column":15},"end":{"line":92,"column":28}},"loc":{"start":{"line":92,"column":39},"end":{"line":101,"column":1}},"line":92},"8":{"name":"destroy","decl":{"start":{"line":103,"column":15},"end":{"line":103,"column":22}},"loc":{"start":{"line":103,"column":33},"end":{"line":112,"column":1}},"line":103}},"branchMap":{},"s":{"0":1,"1":1,"2":1,"3":0,"4":0,"5":0,"6":0,"7":0,"8":0,"9":0,"10":0,"11":0,"12":0,"13":1,"14":1,"15":1,"16":1,"17":1,"18":1,"19":0,"20":1,"21":1,"22":1,"23":1,"24":0,"25":0,"26":0,"27":0,"28":0,"29":0,"30":0,"31":0,"32":0,"33":0,"34":0,"35":1,"36":1,"37":1,"38":1,"39":1,"40":0,"41":1,"42":1,"43":1,"44":1,"45":1,"46":0,"47":1,"48":1,"49":1,"50":1,"51":1,"52":0,"53":1,"54":1,"55":1,"56":1,"57":1,"58":0,"59":1,"60":1,"61":1,"62":1,"63":1,"64":0,"65":1},"f":{"0":0,"1":1,"2":1,"3":0,"4":1,"5":1,"6":1,"7":1,"8":1},"b":{},"_coverageSchema":"1a1c01bbd47fc00a2c39e90264f33305004495a9","hash":"36d2d32f5ac5fee67a9a9505251805c2cc13a6a9"}
,"/Users/kyrylorybalko/futureproof/LAP2PROJECT/lap2-project-backend/controllers/user.js": {"path":"/Users/kyrylorybalko/futureproof/LAP2PROJECT/lap2-project-backend/controllers/user.js","statementMap":{"0":{"start":{"line":1,"column":15},"end":{"line":1,"column":32}},"1":{"start":{"line":3,"column":13},"end":{"line":3,"column":39}},"2":{"start":{"line":4,"column":14},"end":{"line":4,"column":40}},"3":{"start":{"line":8,"column":4},"end":{"line":16,"column":5}},"4":{"start":{"line":9,"column":21},"end":{"line":9,"column":29}},"5":{"start":{"line":10,"column":21},"end":{"line":10,"column":45}},"6":{"start":{"line":11,"column":31},"end":{"line":11,"column":69}},"7":{"start":{"line":12,"column":23},"end":{"line":12,"column":76}},"8":{"start":{"line":13,"column":8},"end":{"line":13,"column":37}},"9":{"start":{"line":15,"column":8},"end":{"line":15,"column":56}},"10":{"start":{"line":22,"column":4},"end":{"line":35,"column":5}},"11":{"start":{"line":23,"column":20},"end":{"line":23,"column":28}},"12":{"start":{"line":24,"column":20},"end":{"line":24,"column":62}},"13":{"start":{"line":25,"column":29},"end":{"line":25,"column":79}},"14":{"start":{"line":26,"column":7},"end":{"line":31,"column":8}},"15":{"start":{"line":27,"column":8},"end":{"line":27,"column":49}},"16":{"start":{"line":29,"column":22},"end":{"line":29,"column":52}},"17":{"start":{"line":30,"column":8},"end":{"line":30,"column":78}},"18":{"start":{"line":34,"column":8},"end":{"line":34,"column":54}},"19":{"start":{"line":38,"column":0},"end":{"line":40,"column":1}}},"fnMap":{"0":{"name":"register","decl":{"start":{"line":6,"column":15},"end":{"line":6,"column":23}},"loc":{"start":{"line":6,"column":35},"end":{"line":18,"column":1}},"line":6},"1":{"name":"login","decl":{"start":{"line":20,"column":15},"end":{"line":20,"column":20}},"loc":{"start":{"line":20,"column":32},"end":{"line":36,"column":1}},"line":20}},"branchMap":{"0":{"loc":{"start":{"line":26,"column":7},"end":{"line":31,"column":8}},"type":"if","locations":[{"start":{"line":26,"column":7},"end":{"line":31,"column":8}},{"start":{"line":28,"column":14},"end":{"line":31,"column":8}}],"line":26}},"s":{"0":1,"1":1,"2":1,"3":0,"4":0,"5":0,"6":0,"7":0,"8":0,"9":0,"10":0,"11":0,"12":0,"13":0,"14":0,"15":0,"16":0,"17":0,"18":0,"19":1},"f":{"0":0,"1":0},"b":{"0":[0,0]},"_coverageSchema":"1a1c01bbd47fc00a2c39e90264f33305004495a9","hash":"07586c689dbe60bcd57f84f78b25f759ed3dbbc7"}
,"/Users/kyrylorybalko/futureproof/LAP2PROJECT/lap2-project-backend/database/connect.js": {"path":"/Users/kyrylorybalko/futureproof/LAP2PROJECT/lap2-project-backend/database/connect.js","statementMap":{"0":{"start":{"line":1,"column":17},"end":{"line":1,"column":30}},"1":{"start":{"line":2,"column":0},"end":{"line":2,"column":27}},"2":{"start":{"line":4,"column":11},"end":{"line":6,"column":2}},"3":{"start":{"line":8,"column":0},"end":{"line":8,"column":41}},"4":{"start":{"line":10,"column":0},"end":{"line":10,"column":20}}},"fnMap":{},"branchMap":{},"s":{"0":1,"1":1,"2":1,"3":1,"4":1},"f":{},"b":{},"_coverageSchema":"1a1c01bbd47fc00a2c39e90264f33305004495a9","hash":"9720752e11ac83058e698458871ef7228bc313ba"}
,"/Users/kyrylorybalko/futureproof/LAP2PROJECT/lap2-project-backend/middleware/authenticator.js": {"path":"/Users/kyrylorybalko/futureproof/LAP2PROJECT/lap2-project-backend/middleware/authenticator.js","statementMap":{"0":{"start":{"line":1,"column":14},"end":{"line":1,"column":40}},"1":{"start":{"line":4,"column":4},"end":{"line":16,"column":5}},"2":{"start":{"line":5,"column":26},"end":{"line":5,"column":54}},"3":{"start":{"line":7,"column":8},"end":{"line":12,"column":9}},"4":{"start":{"line":8,"column":12},"end":{"line":8,"column":54}},"5":{"start":{"line":10,"column":31},"end":{"line":10,"column":67}},"6":{"start":{"line":11,"column":12},"end":{"line":11,"column":19}},"7":{"start":{"line":15,"column":8},"end":{"line":15,"column":56}},"8":{"start":{"line":19,"column":0},"end":{"line":19,"column":31}}},"fnMap":{"0":{"name":"authenticator","decl":{"start":{"line":3,"column":15},"end":{"line":3,"column":28}},"loc":{"start":{"line":3,"column":44},"end":{"line":17,"column":1}},"line":3}},"branchMap":{"0":{"loc":{"start":{"line":7,"column":8},"end":{"line":12,"column":9}},"type":"if","locations":[{"start":{"line":7,"column":8},"end":{"line":12,"column":9}},{"start":{"line":9,"column":13},"end":{"line":12,"column":9}}],"line":7}},"s":{"0":1,"1":1,"2":1,"3":1,"4":0,"5":1,"6":0,"7":1,"8":1},"f":{"0":1},"b":{"0":[0,1]},"_coverageSchema":"1a1c01bbd47fc00a2c39e90264f33305004495a9","hash":"4f9479474cf5b02e3d1688aed3e9d78ec211c304"}
,"/Users/kyrylorybalko/futureproof/LAP2PROJECT/lap2-project-backend/middleware/logger.js": {"path":"/Users/kyrylorybalko/futureproof/LAP2PROJECT/lap2-project-backend/middleware/logger.js","statementMap":{"0":{"start":{"line":2,"column":4},"end":{"line":2,"column":45}},"1":{"start":{"line":3,"column":4},"end":{"line":3,"column":11}},"2":{"start":{"line":6,"column":0},"end":{"line":6,"column":27}}},"fnMap":{"0":{"name":"logRoutes","decl":{"start":{"line":1,"column":9},"end":{"line":1,"column":18}},"loc":{"start":{"line":1,"column":35},"end":{"line":4,"column":1}},"line":1}},"branchMap":{},"s":{"0":11,"1":11,"2":1},"f":{"0":11},"b":{},"_coverageSchema":"1a1c01bbd47fc00a2c39e90264f33305004495a9","hash":"1b2ae91d42dde84a09e8e94e90a2f01f6e37f719"}
,"/Users/kyrylorybalko/futureproof/LAP2PROJECT/lap2-project-backend/models/events.js": {"path":"/Users/kyrylorybalko/futureproof/LAP2PROJECT/lap2-project-backend/models/events.js","statementMap":{"0":{"start":{"line":1,"column":11},"end":{"line":1,"column":41}},"1":{"start":{"line":16,"column":8},"end":{"line":24,"column":39}},"2":{"start":{"line":25,"column":8},"end":{"line":25,"column":33}},"3":{"start":{"line":29,"column":25},"end":{"line":31,"column":9}},"4":{"start":{"line":32,"column":8},"end":{"line":32,"column":54}},"5":{"start":{"line":32,"column":40},"end":{"line":32,"column":52}},"6":{"start":{"line":36,"column":25},"end":{"line":39,"column":9}},"7":{"start":{"line":40,"column":8},"end":{"line":42,"column":9}},"8":{"start":{"line":41,"column":12},"end":{"line":41,"column":55}},"9":{"start":{"line":43,"column":8},"end":{"line":43,"column":43}},"10":{"start":{"line":47,"column":25},"end":{"line":47,"column":159}},"11":{"start":{"line":48,"column":8},"end":{"line":48,"column":52}},"12":{"start":{"line":48,"column":38},"end":{"line":48,"column":50}},"13":{"start":{"line":60,"column":12},"end":{"line":60,"column":16}},"14":{"start":{"line":61,"column":25},"end":{"line":72,"column":9}},"15":{"start":{"line":74,"column":8},"end":{"line":74,"column":54}},"16":{"start":{"line":74,"column":40},"end":{"line":74,"column":52}},"17":{"start":{"line":78,"column":25},"end":{"line":81,"column":9}},"18":{"start":{"line":82,"column":8},"end":{"line":84,"column":9}},"19":{"start":{"line":83,"column":12},"end":{"line":83,"column":58}},"20":{"start":{"line":85,"column":8},"end":{"line":85,"column":43}},"21":{"start":{"line":89,"column":25},"end":{"line":92,"column":9}},"22":{"start":{"line":93,"column":8},"end":{"line":95,"column":9}},"23":{"start":{"line":94,"column":12},"end":{"line":94,"column":58}},"24":{"start":{"line":96,"column":8},"end":{"line":96,"column":43}},"25":{"start":{"line":100,"column":25},"end":{"line":103,"column":9}},"26":{"start":{"line":104,"column":8},"end":{"line":106,"column":9}},"27":{"start":{"line":105,"column":12},"end":{"line":105,"column":58}},"28":{"start":{"line":107,"column":8},"end":{"line":107,"column":43}},"29":{"start":{"line":111,"column":25},"end":{"line":114,"column":9}},"30":{"start":{"line":115,"column":8},"end":{"line":117,"column":9}},"31":{"start":{"line":116,"column":12},"end":{"line":116,"column":58}},"32":{"start":{"line":118,"column":8},"end":{"line":118,"column":43}},"33":{"start":{"line":122,"column":23},"end":{"line":125,"column":9}},"34":{"start":{"line":127,"column":8},"end":{"line":127,"column":43}},"35":{"start":{"line":131,"column":0},"end":{"line":131,"column":23}}},"fnMap":{"0":{"name":"(anonymous_0)","decl":{"start":{"line":4,"column":4},"end":{"line":4,"column":5}},"loc":{"start":{"line":15,"column":7},"end":{"line":26,"column":5}},"line":15},"1":{"name":"(anonymous_1)","decl":{"start":{"line":28,"column":4},"end":{"line":28,"column":5}},"loc":{"start":{"line":28,"column":26},"end":{"line":33,"column":5}},"line":28},"2":{"name":"(anonymous_2)","decl":{"start":{"line":32,"column":33},"end":{"line":32,"column":34}},"loc":{"start":{"line":32,"column":40},"end":{"line":32,"column":52}},"line":32},"3":{"name":"(anonymous_3)","decl":{"start":{"line":35,"column":4},"end":{"line":35,"column":5}},"loc":{"start":{"line":35,"column":32},"end":{"line":44,"column":5}},"line":35},"4":{"name":"(anonymous_4)","decl":{"start":{"line":46,"column":4},"end":{"line":46,"column":5}},"loc":{"start":{"line":46,"column":32},"end":{"line":49,"column":5}},"line":46},"5":{"name":"(anonymous_5)","decl":{"start":{"line":48,"column":33},"end":{"line":48,"column":34}},"loc":{"start":{"line":48,"column":38},"end":{"line":48,"column":50}},"line":48},"6":{"name":"(anonymous_6)","decl":{"start":{"line":51,"column":4},"end":{"line":51,"column":5}},"loc":{"start":{"line":51,"column":30},"end":{"line":75,"column":5}},"line":51},"7":{"name":"(anonymous_7)","decl":{"start":{"line":74,"column":33},"end":{"line":74,"column":34}},"loc":{"start":{"line":74,"column":40},"end":{"line":74,"column":52}},"line":74},"8":{"name":"(anonymous_8)","decl":{"start":{"line":77,"column":4},"end":{"line":77,"column":5}},"loc":{"start":{"line":77,"column":23},"end":{"line":86,"column":5}},"line":77},"9":{"name":"(anonymous_9)","decl":{"start":{"line":88,"column":4},"end":{"line":88,"column":5}},"loc":{"start":{"line":88,"column":27},"end":{"line":97,"column":5}},"line":88},"10":{"name":"(anonymous_10)","decl":{"start":{"line":99,"column":4},"end":{"line":99,"column":5}},"loc":{"start":{"line":99,"column":19},"end":{"line":108,"column":5}},"line":99},"11":{"name":"(anonymous_11)","decl":{"start":{"line":110,"column":4},"end":{"line":110,"column":5}},"loc":{"start":{"line":110,"column":26},"end":{"line":119,"column":5}},"line":110},"12":{"name":"(anonymous_12)","decl":{"start":{"line":121,"column":4},"end":{"line":121,"column":5}},"loc":{"start":{"line":121,"column":20},"end":{"line":128,"column":5}},"line":121}},"branchMap":{"0":{"loc":{"start":{"line":40,"column":8},"end":{"line":42,"column":9}},"type":"if","locations":[{"start":{"line":40,"column":8},"end":{"line":42,"column":9}},{"start":{},"end":{}}],"line":40},"1":{"loc":{"start":{"line":82,"column":8},"end":{"line":84,"column":9}},"type":"if","locations":[{"start":{"line":82,"column":8},"end":{"line":84,"column":9}},{"start":{},"end":{}}],"line":82},"2":{"loc":{"start":{"line":93,"column":8},"end":{"line":95,"column":9}},"type":"if","locations":[{"start":{"line":93,"column":8},"end":{"line":95,"column":9}},{"start":{},"end":{}}],"line":93},"3":{"loc":{"start":{"line":104,"column":8},"end":{"line":106,"column":9}},"type":"if","locations":[{"start":{"line":104,"column":8},"end":{"line":106,"column":9}},{"start":{},"end":{}}],"line":104},"4":{"loc":{"start":{"line":115,"column":8},"end":{"line":117,"column":9}},"type":"if","locations":[{"start":{"line":115,"column":8},"end":{"line":117,"column":9}},{"start":{},"end":{}}],"line":115}},"s":{"0":1,"1":11,"2":11,"3":0,"4":0,"5":0,"6":6,"7":6,"8":0,"9":6,"10":1,"11":1,"12":0,"13":0,"14":0,"15":0,"16":0,"17":1,"18":1,"19":0,"20":1,"21":1,"22":1,"23":0,"24":1,"25":1,"26":1,"27":0,"28":1,"29":1,"30":1,"31":0,"32":1,"33":1,"34":1,"35":1},"f":{"0":11,"1":0,"2":0,"3":6,"4":1,"5":0,"6":0,"7":0,"8":1,"9":1,"10":1,"11":1,"12":1},"b":{"0":[0,6],"1":[0,1],"2":[0,1],"3":[0,1],"4":[0,1]},"_coverageSchema":"1a1c01bbd47fc00a2c39e90264f33305004495a9","hash":"ef8854da80cc2f7525728022b81037ca482393e7"}
,"/Users/kyrylorybalko/futureproof/LAP2PROJECT/lap2-project-backend/models/token.js": {"path":"/Users/kyrylorybalko/futureproof/LAP2PROJECT/lap2-project-backend/models/token.js","statementMap":{"0":{"start":{"line":1,"column":23},"end":{"line":1,"column":38}},"1":{"start":{"line":3,"column":11},"end":{"line":3,"column":41}},"2":{"start":{"line":8,"column":8},"end":{"line":8,"column":33}},"3":{"start":{"line":9,"column":8},"end":{"line":9,"column":31}},"4":{"start":{"line":10,"column":8},"end":{"line":10,"column":27}},"5":{"start":{"line":14,"column":22},"end":{"line":14,"column":30}},"6":{"start":{"line":15,"column":25},"end":{"line":15,"column":130}},"7":{"start":{"line":16,"column":22},"end":{"line":16,"column":47}},"8":{"start":{"line":17,"column":25},"end":{"line":17,"column":54}},"9":{"start":{"line":18,"column":8},"end":{"line":18,"column":24}},"10":{"start":{"line":22,"column":25},"end":{"line":22,"column":88}},"11":{"start":{"line":23,"column":8},"end":{"line":27,"column":9}},"12":{"start":{"line":24,"column":12},"end":{"line":24,"column":55}},"13":{"start":{"line":26,"column":12},"end":{"line":26,"column":47}},"14":{"start":{"line":31,"column":25},"end":{"line":31,"column":88}},"15":{"start":{"line":32,"column":8},"end":{"line":36,"column":9}},"16":{"start":{"line":33,"column":12},"end":{"line":33,"column":55}},"17":{"start":{"line":35,"column":12},"end":{"line":35,"column":47}},"18":{"start":{"line":41,"column":0},"end":{"line":41,"column":23}}},"fnMap":{"0":{"name":"(anonymous_0)","decl":{"start":{"line":7,"column":4},"end":{"line":7,"column":5}},"loc":{"start":{"line":7,"column":45},"end":{"line":11,"column":5}},"line":7},"1":{"name":"(anonymous_1)","decl":{"start":{"line":13,"column":4},"end":{"line":13,"column":5}},"loc":{"start":{"line":13,"column":33},"end":{"line":19,"column":5}},"line":13},"2":{"name":"(anonymous_2)","decl":{"start":{"line":21,"column":4},"end":{"line":21,"column":5}},"loc":{"start":{"line":21,"column":32},"end":{"line":28,"column":5}},"line":21},"3":{"name":"(anonymous_3)","decl":{"start":{"line":30,"column":4},"end":{"line":30,"column":5}},"loc":{"start":{"line":30,"column":38},"end":{"line":37,"column":5}},"line":30}},"branchMap":{"0":{"loc":{"start":{"line":23,"column":8},"end":{"line":27,"column":9}},"type":"if","locations":[{"start":{"line":23,"column":8},"end":{"line":27,"column":9}},{"start":{"line":25,"column":15},"end":{"line":27,"column":9}}],"line":23},"1":{"loc":{"start":{"line":32,"column":8},"end":{"line":36,"column":9}},"type":"if","locations":[{"start":{"line":32,"column":8},"end":{"line":36,"column":9}},{"start":{"line":34,"column":15},"end":{"line":36,"column":9}}],"line":32}},"s":{"0":1,"1":1,"2":0,"3":0,"4":0,"5":0,"6":0,"7":0,"8":0,"9":0,"10":0,"11":0,"12":0,"13":0,"14":1,"15":1,"16":1,"17":0,"18":1},"f":{"0":0,"1":0,"2":0,"3":1},"b":{"0":[0,0],"1":[1,0]},"_coverageSchema":"1a1c01bbd47fc00a2c39e90264f33305004495a9","hash":"38f5528ce52847b6ed515f6c52aedeb896f547be"}
,"/Users/kyrylorybalko/futureproof/LAP2PROJECT/lap2-project-backend/models/users.js": {"path":"/Users/kyrylorybalko/futureproof/LAP2PROJECT/lap2-project-backend/models/users.js","statementMap":{"0":{"start":{"line":1,"column":11},"end":{"line":1,"column":41}},"1":{"start":{"line":5,"column":8},"end":{"line":5,"column":26}},"2":{"start":{"line":6,"column":8},"end":{"line":6,"column":33}},"3":{"start":{"line":7,"column":8},"end":{"line":7,"column":33}},"4":{"start":{"line":8,"column":8},"end":{"line":8,"column":32}},"5":{"start":{"line":12,"column":25},"end":{"line":12,"column":94}},"6":{"start":{"line":13,"column":8},"end":{"line":15,"column":9}},"7":{"start":{"line":14,"column":12},"end":{"line":14,"column":54}},"8":{"start":{"line":16,"column":8},"end":{"line":16,"column":42}},"9":{"start":{"line":20,"column":25},"end":{"line":20,"column":101}},"10":{"start":{"line":21,"column":8},"end":{"line":23,"column":9}},"11":{"start":{"line":22,"column":12},"end":{"line":22,"column":54}},"12":{"start":{"line":24,"column":8},"end":{"line":24,"column":42}},"13":{"start":{"line":28,"column":48},"end":{"line":28,"column":52}},"14":{"start":{"line":29,"column":23},"end":{"line":29,"column":143}},"15":{"start":{"line":30,"column":22},"end":{"line":30,"column":45}},"16":{"start":{"line":31,"column":24},"end":{"line":31,"column":52}},"17":{"start":{"line":32,"column":8},"end":{"line":32,"column":23}},"18":{"start":{"line":36,"column":0},"end":{"line":36,"column":22}}},"fnMap":{"0":{"name":"(anonymous_0)","decl":{"start":{"line":4,"column":4},"end":{"line":4,"column":5}},"loc":{"start":{"line":4,"column":59},"end":{"line":9,"column":5}},"line":4},"1":{"name":"(anonymous_1)","decl":{"start":{"line":11,"column":4},"end":{"line":11,"column":5}},"loc":{"start":{"line":11,"column":31},"end":{"line":17,"column":5}},"line":11},"2":{"name":"(anonymous_2)","decl":{"start":{"line":19,"column":4},"end":{"line":19,"column":5}},"loc":{"start":{"line":19,"column":44},"end":{"line":25,"column":5}},"line":19},"3":{"name":"(anonymous_3)","decl":{"start":{"line":27,"column":4},"end":{"line":27,"column":5}},"loc":{"start":{"line":27,"column":29},"end":{"line":33,"column":5}},"line":27}},"branchMap":{"0":{"loc":{"start":{"line":13,"column":8},"end":{"line":15,"column":9}},"type":"if","locations":[{"start":{"line":13,"column":8},"end":{"line":15,"column":9}},{"start":{},"end":{}}],"line":13},"1":{"loc":{"start":{"line":21,"column":8},"end":{"line":23,"column":9}},"type":"if","locations":[{"start":{"line":21,"column":8},"end":{"line":23,"column":9}},{"start":{},"end":{}}],"line":21}},"s":{"0":1,"1":1,"2":1,"3":1,"4":1,"5":1,"6":1,"7":0,"8":1,"9":0,"10":0,"11":0,"12":0,"13":0,"14":0,"15":0,"16":0,"17":0,"18":1},"f":{"0":1,"1":1,"2":0,"3":0},"b":{"0":[0,1],"1":[0,0]},"_coverageSchema":"1a1c01bbd47fc00a2c39e90264f33305004495a9","hash":"f9d6ccc973b440724bfdcffbe68e988f992c09da"}
,"/Users/kyrylorybalko/futureproof/LAP2PROJECT/lap2-project-backend/routers/events.js": {"path":"/Users/kyrylorybalko/futureproof/LAP2PROJECT/lap2-project-backend/routers/events.js","statementMap":{"0":{"start":{"line":1,"column":19},"end":{"line":1,"column":37}},"1":{"start":{"line":3,"column":25},"end":{"line":3,"column":57}},"2":{"start":{"line":4,"column":22},"end":{"line":4,"column":60}},"3":{"start":{"line":6,"column":21},"end":{"line":6,"column":29}},"4":{"start":{"line":8,"column":0},"end":{"line":8,"column":61}},"5":{"start":{"line":9,"column":0},"end":{"line":9,"column":48}},"6":{"start":{"line":10,"column":0},"end":{"line":10,"column":61}},"7":{"start":{"line":11,"column":0},"end":{"line":11,"column":48}},"8":{"start":{"line":12,"column":0},"end":{"line":12,"column":67}},"9":{"start":{"line":13,"column":0},"end":{"line":13,"column":75}},"10":{"start":{"line":14,"column":0},"end":{"line":14,"column":59}},"11":{"start":{"line":15,"column":0},"end":{"line":15,"column":73}},"12":{"start":{"line":16,"column":0},"end":{"line":16,"column":54}},"13":{"start":{"line":18,"column":0},"end":{"line":18,"column":30}}},"fnMap":{},"branchMap":{},"s":{"0":1,"1":1,"2":1,"3":1,"4":1,"5":1,"6":1,"7":1,"8":1,"9":1,"10":1,"11":1,"12":1,"13":1},"f":{},"b":{},"_coverageSchema":"1a1c01bbd47fc00a2c39e90264f33305004495a9","hash":"ed19caa59baf62370c776a2f3c5b8c63f4a2f3bf"}
,"/Users/kyrylorybalko/futureproof/LAP2PROJECT/lap2-project-backend/routers/users.js": {"path":"/Users/kyrylorybalko/futureproof/LAP2PROJECT/lap2-project-backend/routers/users.js","statementMap":{"0":{"start":{"line":1,"column":19},"end":{"line":1,"column":37}},"1":{"start":{"line":3,"column":23},"end":{"line":3,"column":53}},"2":{"start":{"line":5,"column":19},"end":{"line":5,"column":27}},"3":{"start":{"line":7,"column":0},"end":{"line":7,"column":54}},"4":{"start":{"line":8,"column":0},"end":{"line":8,"column":48}},"5":{"start":{"line":10,"column":0},"end":{"line":10,"column":28}}},"fnMap":{},"branchMap":{},"s":{"0":1,"1":1,"2":1,"3":1,"4":1,"5":1},"f":{},"b":{},"_coverageSchema":"1a1c01bbd47fc00a2c39e90264f33305004495a9","hash":"4eb0b8303a2444a55f5d6094ce9272b7fb4b6fed"}
}
