TN:
SF:api.js
FN:14,(anonymous_0)
FNF:1
FNH:1
FNDA:3,(anonymous_0)
DA:1,1
DA:2,1
DA:4,1
DA:5,1
DA:6,1
DA:8,1
DA:10,1
DA:11,1
DA:12,1
DA:14,1
DA:15,3
DA:20,1
DA:21,1
DA:23,1
LF:14
LH:14
BRF:0
BRH:0
end_of_record
TN:
SF:controllers/events.js
FN:7,index
FN:24,show
FN:36,search
FN:46,create
FN:66,interested
FN:77,not_interested
FN:88,attend
FN:99,not_attending
FN:110,destroy
FNF:9
FNH:6
FNDA:0,index
FNDA:1,show
FNDA:1,search
FNDA:0,create
FNDA:1,interested
FNDA:1,not_interested
FNDA:1,attend
FNDA:1,not_attending
FNDA:0,destroy
DA:1,1
DA:2,1
DA:3,1
DA:5,1
DA:8,0
DA:9,0
DA:10,0
DA:11,0
DA:12,0
DA:13,0
DA:14,0
DA:15,0
DA:18,0
DA:20,0
DA:25,1
DA:26,1
DA:27,1
DA:28,1
DA:29,1
DA:30,1
DA:32,0
DA:37,1
DA:38,1
DA:39,1
DA:40,1
DA:42,0
DA:47,0
DA:48,0
DA:49,0
DA:50,0
DA:51,0
DA:52,0
DA:54,0
DA:55,0
DA:56,0
DA:57,0
DA:58,0
DA:59,0
DA:60,0
DA:62,0
DA:67,1
DA:68,1
DA:69,1
DA:70,1
DA:71,1
DA:73,0
DA:78,1
DA:79,1
DA:80,1
DA:81,1
DA:82,1
DA:84,0
DA:89,1
DA:90,1
DA:91,1
DA:92,1
DA:93,1
DA:95,0
DA:100,1
DA:101,1
DA:102,1
DA:103,1
DA:104,1
DA:106,0
DA:111,0
DA:112,0
DA:113,0
DA:114,0
DA:115,0
DA:117,0
DA:121,1
LF:71
LH:35
BRDA:51,0,0,0
BRDA:51,0,1,0
BRF:2
BRH:0
end_of_record
TN:
SF:controllers/fileUploader.js
FN:12,uploadFile
FN:19,(anonymous_1)
FNF:2
FNH:0
FNDA:0,uploadFile
FNDA:0,(anonymous_1)
DA:1,1
DA:4,1
DA:13,0
DA:14,0
DA:17,0
DA:20,0
DA:21,0
DA:23,0
DA:27,0
DA:30,1
LF:10
LH:3
BRDA:13,0,0,0
BRDA:13,0,1,0
BRDA:20,1,0,0
BRDA:20,1,1,0
BRF:4
BRH:0
end_of_record
TN:
SF:controllers/user.js
FN:7,register
FN:19,login
FN:38,authorize
FN:61,events
FNF:4
FNH:0
FNDA:0,register
FNDA:0,login
FNDA:0,authorize
FNDA:0,events
DA:1,1
DA:3,1
DA:4,1
DA:5,1
DA:8,0
DA:9,0
DA:10,0
DA:11,0
DA:12,0
DA:13,0
DA:15,0
DA:20,0
DA:21,0
DA:22,0
DA:23,0
DA:27,0
DA:28,0
DA:30,0
DA:31,0
DA:34,0
DA:39,0
DA:40,0
DA:42,0
DA:43,0
DA:46,0
DA:48,0
DA:49,0
DA:52,0
DA:53,0
DA:55,0
DA:62,0
DA:64,0
DA:65,0
DA:68,0
DA:70,0
DA:71,0
DA:74,0
DA:75,0
DA:76,0
DA:79,0
DA:80,0
DA:83,1
LF:42
LH:5
BRDA:27,0,0,0
BRDA:27,0,1,0
BRDA:42,1,0,0
BRDA:42,1,1,0
BRDA:48,2,0,0
BRDA:48,2,1,0
BRDA:64,3,0,0
BRDA:64,3,1,0
BRDA:70,4,0,0
BRDA:70,4,1,0
BRDA:75,5,0,0
BRDA:75,5,1,0
BRF:12
BRH:0
end_of_record
TN:
SF:database/connect.js
FNF:0
FNH:0
DA:1,1
DA:2,1
DA:4,1
DA:8,1
DA:10,1
LF:5
LH:5
BRF:0
BRH:0
end_of_record
TN:
SF:middleware/authenticator.js
FN:3,authenticator
FNF:1
FNH:1
FNDA:1,authenticator
DA:1,1
DA:4,1
DA:5,1
DA:7,1
DA:8,0
DA:10,1
DA:11,0
DA:15,1
DA:19,1
LF:9
LH:7
BRDA:7,0,0,0
BRDA:7,0,1,1
BRF:2
BRH:1
end_of_record
TN:
SF:middleware/logger.js
FN:1,logRoutes
FNF:1
FNH:1
FNDA:10,logRoutes
DA:2,10
DA:3,10
DA:6,1
LF:3
LH:3
BRF:0
BRH:0
end_of_record
TN:
SF:middleware/multer.js
FNF:0
FNH:0
DA:1,1
DA:2,1
DA:4,1
LF:3
LH:3
BRF:0
BRH:0
end_of_record
TN:
SF:models/events.js
FN:4,(anonymous_0)
FN:30,(anonymous_1)
FN:34,(anonymous_2)
FN:37,(anonymous_3)
FN:42,(anonymous_4)
FN:45,(anonymous_5)
FN:56,(anonymous_6)
FN:58,(anonymous_7)
FN:61,(anonymous_8)
FN:89,(anonymous_9)
FN:100,(anonymous_10)
FN:111,(anonymous_11)
FN:122,(anonymous_12)
FN:133,(anonymous_13)
FNF:14
FNH:7
FNDA:9,(anonymous_0)
FNDA:0,(anonymous_1)
FNDA:0,(anonymous_2)
FNDA:0,(anonymous_3)
FNDA:0,(anonymous_4)
FNDA:5,(anonymous_5)
FNDA:1,(anonymous_6)
FNDA:0,(anonymous_7)
FNDA:0,(anonymous_8)
FNDA:1,(anonymous_9)
FNDA:1,(anonymous_10)
FNDA:1,(anonymous_11)
FNDA:1,(anonymous_12)
FNDA:0,(anonymous_13)
DA:1,1
DA:17,9
DA:26,9
DA:27,9
DA:31,0
DA:34,0
DA:38,0
DA:42,0
DA:46,5
DA:50,5
DA:51,0
DA:53,5
DA:57,1
DA:58,1
DA:71,0
DA:72,0
DA:86,0
DA:90,1
DA:94,1
DA:95,0
DA:97,1
DA:101,1
DA:105,1
DA:106,0
DA:108,1
DA:112,1
DA:116,1
DA:117,0
DA:119,1
DA:123,1
DA:127,1
DA:128,0
DA:130,1
DA:134,0
DA:139,0
DA:143,1
LF:36
LH:22
BRDA:50,0,0,0
BRDA:50,0,1,5
BRDA:94,1,0,0
BRDA:94,1,1,1
BRDA:105,2,0,0
BRDA:105,2,1,1
BRDA:116,3,0,0
BRDA:116,3,1,1
BRDA:127,4,0,0
BRDA:127,4,1,1
BRF:10
BRH:5
end_of_record
TN:
SF:models/token.js
FN:7,(anonymous_0)
FN:13,(anonymous_1)
FN:21,(anonymous_2)
FN:30,(anonymous_3)
FNF:4
FNH:1
FNDA:0,(anonymous_0)
FNDA:0,(anonymous_1)
FNDA:0,(anonymous_2)
FNDA:1,(anonymous_3)
DA:1,1
DA:3,1
DA:8,0
DA:9,0
DA:10,0
DA:14,0
DA:15,0
DA:16,0
DA:17,0
DA:18,0
DA:22,0
DA:23,0
DA:24,0
DA:26,0
DA:31,1
DA:32,1
DA:33,1
DA:35,0
DA:41,1
LF:19
LH:6
BRDA:23,0,0,0
BRDA:23,0,1,0
BRDA:32,1,0,1
BRDA:32,1,1,0
BRF:4
BRH:1
end_of_record
TN:
SF:models/users.js
FN:4,(anonymous_0)
FN:11,(anonymous_1)
FN:19,(anonymous_2)
FN:27,(anonymous_3)
FNF:4
FNH:2
FNDA:1,(anonymous_0)
FNDA:1,(anonymous_1)
FNDA:0,(anonymous_2)
FNDA:0,(anonymous_3)
DA:1,1
DA:5,1
DA:6,1
DA:7,1
DA:8,1
DA:12,1
DA:13,1
DA:14,0
DA:16,1
DA:20,0
DA:21,0
DA:22,0
DA:24,0
DA:28,0
DA:29,0
DA:30,0
DA:31,0
DA:32,0
DA:36,1
LF:19
LH:9
BRDA:13,0,0,0
BRDA:13,0,1,1
BRDA:21,1,0,0
BRDA:21,1,1,0
BRF:4
BRH:1
end_of_record
TN:
SF:routers/events.js
FNF:0
FNH:0
DA:1,1
DA:3,1
DA:4,1
DA:6,1
DA:8,1
DA:10,1
DA:11,1
DA:12,1
DA:13,1
DA:14,1
DA:15,1
DA:16,1
DA:17,1
DA:18,1
DA:20,1
LF:15
LH:15
BRF:0
BRH:0
end_of_record
TN:
SF:routers/users.js
FNF:0
FNH:0
DA:1,1
DA:3,1
DA:4,1
DA:6,1
DA:8,1
DA:9,1
DA:10,1
DA:11,1
DA:13,1
LF:9
LH:9
BRF:0
BRH:0
end_of_record
